app/FactoryTest/app/build/outputs/logs/manifest-merger-debug-report.txt
-- Merging decision tree log ---
manifest
ADDED from src\main\AndroidManifest.xml:2:1-408:12
INJECTED from src\main\AndroidManifest.xml:2:1-408:12
INJECTED from src\main\AndroidManifest.xml:2:1-408:12
INJECTED from src\main\AndroidManifest.xml:2:1-408:12
MERGED from [com.android.support:appcompat-v7:26.1.0] AndroidManifest.xml:17:1-31:12
MERGED from [com.android.support.constraint:constraint-layout:1.0.2] AndroidManifest.xml:2:1-11:12
MERGED from [com.squareup.leakcanary:leakcanary-android:1.3.1] AndroidManifest.xml:17:1-51:12
MERGED from [com.android.support:animated-vector-drawable:26.1.0] AndroidManifest.xml:17:1-28:12
MERGED from [com.android.support:support-vector-drawable:26.1.0] AndroidManifest.xml:17:1-28:12
MERGED from [com.android.support:support-v4:26.1.0] AndroidManifest.xml:17:1-31:12
MERGED from [com.android.support:support-media-compat:26.1.0] AndroidManifest.xml:17:1-31:12
MERGED from [com.android.support:support-fragment:26.1.0] AndroidManifest.xml:17:1-31:12
MERGED from [com.android.support:support-core-utils:26.1.0] AndroidManifest.xml:17:1-31:12
MERGED from [com.android.support:support-core-ui:26.1.0] AndroidManifest.xml:17:1-31:12
MERGED from [com.android.support:support-compat:26.1.0] AndroidManifest.xml:17:1-31:12
MERGED from [android.arch.lifecycle:runtime:1.0.0] AndroidManifest.xml:17:1-30:12
INJECTED from src\main\AndroidManifest.xml:2:1-408:12
INJECTED from src\main\AndroidManifest.xml:2:1-408:12
INJECTED from src\main\AndroidManifest.xml:2:1-408:12
	package
		ADDED from src\main\AndroidManifest.xml:3:5-46
		INJECTED from src\main\AndroidManifest.xml
		INJECTED from src\main\AndroidManifest.xml
	android:versionName
		INJECTED from src\main\AndroidManifest.xml
		ADDED from src\main\AndroidManifest.xml:2:1-408:12
		INJECTED from src\main\AndroidManifest.xml
	android:versionCode
		INJECTED from src\main\AndroidManifest.xml
		ADDED from src\main\AndroidManifest.xml:2:1-408:12
		INJECTED from src\main\AndroidManifest.xml
	xmlns:android
		ADDED from src\main\AndroidManifest.xml:2:11-69
uses-permission#android.permission.INTERNET
ADDED from src\main\AndroidManifest.xml:8:5-67
	android:name
		ADDED from src\main\AndroidManifest.xml:8:22-64
uses-permission#android.permission.BLUETOOTH
ADDED from src\main\AndroidManifest.xml:9:5-68
	android:name
		ADDED from src\main\AndroidManifest.xml:9:22-65
uses-permission#android.permission.BLUETOOTH_ADMIN
ADDED from src\main\AndroidManifest.xml:10:5-74
	android:name
		ADDED from src\main\AndroidManifest.xml:10:22-71
uses-permission#android.permission.ACCESS_WIFI_STATE
ADDED from src\main\AndroidManifest.xml:11:5-76
	android:name
		ADDED from src\main\AndroidManifest.xml:11:22-73
uses-permission#android.permission.CHANGE_WIFI_STATE
ADDED from src\main\AndroidManifest.xml:12:5-76
	android:name
		ADDED from src\main\AndroidManifest.xml:12:22-73
uses-permission#android.permission.ACCESS_FINE_LOCATION
ADDED from src\main\AndroidManifest.xml:13:5-79
	android:name
		ADDED from src\main\AndroidManifest.xml:13:22-76
uses-permission#android.permission.ACCESS_NETWORK_STATE
ADDED from src\main\AndroidManifest.xml:14:5-79
	android:name
		ADDED from src\main\AndroidManifest.xml:14:22-76
uses-permission#android.permission.ACCESS_COARSE_LOCATION
ADDED from src\main\AndroidManifest.xml:15:5-81
	android:name
		ADDED from src\main\AndroidManifest.xml:15:22-78
uses-permission#android.permission.CAMERA
ADDED from src\main\AndroidManifest.xml:16:5-65
	android:name
		ADDED from src\main\AndroidManifest.xml:16:22-62
uses-permission#android.permission.RECORD_AUDIO
ADDED from src\main\AndroidManifest.xml:17:5-71
	android:name
		ADDED from src\main\AndroidManifest.xml:17:22-68
uses-feature#android.hardware.camera
ADDED from src\main\AndroidManifest.xml:19:5-60
	android:name
		ADDED from src\main\AndroidManifest.xml:19:19-57
uses-feature#android.hardware.camera.autofocus
ADDED from src\main\AndroidManifest.xml:20:5-70
	android:name
		ADDED from src\main\AndroidManifest.xml:20:19-67
uses-feature#android.hardware.camera.flash
ADDED from src\main\AndroidManifest.xml:21:5-66
	android:name
		ADDED from src\main\AndroidManifest.xml:21:19-63
uses-permission#android.permission.WAKE_LOCK
ADDED from src\main\AndroidManifest.xml:23:5-68
	android:name
		ADDED from src\main\AndroidManifest.xml:23:22-65
uses-permission#android.permission.RECEIVE_BOOT_COMPLETED
ADDED from src\main\AndroidManifest.xml:24:5-81
	android:name
		ADDED from src\main\AndroidManifest.xml:24:22-78
uses-permission#android.permission.MODIFY_AUDIO_SETTINGS
ADDED from src\main\AndroidManifest.xml:25:5-80
	android:name
		ADDED from src\main\AndroidManifest.xml:25:22-77
uses-permission#android.permission.VIBRATE
ADDED from src\main\AndroidManifest.xml:26:5-66
	android:name
		ADDED from src\main\AndroidManifest.xml:26:22-63
uses-permission#android.permission.DISABLE_KEYGUARD
ADDED from src\main\AndroidManifest.xml:27:5-75
	android:name
		ADDED from src\main\AndroidManifest.xml:27:22-72
uses-permission#com.google.android.things.permission.MANAGE_SENSOR_DRIVERS
ADDED from src\main\AndroidManifest.xml:29:5-98
	android:name
		ADDED from src\main\AndroidManifest.xml:29:22-95
uses-permission#android.permission.WRITE_EXTERNAL_STORAGE
ADDED from src\main\AndroidManifest.xml:30:5-81
MERGED from [com.squareup.leakcanary:leakcanary-android:1.3.1] AndroidManifest.xml:25:5-81
MERGED from [com.squareup.leakcanary:leakcanary-android:1.3.1] AndroidManifest.xml:25:5-81
	android:name
		ADDED from src\main\AndroidManifest.xml:30:22-78
uses-permission#android.permission.READ_EXTERNAL_STORAGE
ADDED from src\main\AndroidManifest.xml:31:5-80
	android:name
		ADDED from src\main\AndroidManifest.xml:31:22-77
uses-permission#com.qualcomm.permission.USE_QCRIL_MSG_TUNNEL
ADDED from src\main\AndroidManifest.xml:32:5-84
	android:name
		ADDED from src\main\AndroidManifest.xml:32:22-81
uses-permission#android.permission.MOUNT_UNMOUNT_FILESYSTEMS
ADDED from src\main\AndroidManifest.xml:38:5-84
	android:name
		ADDED from src\main\AndroidManifest.xml:38:22-81
uses-permission#android.permission.WRITE_MEDIA_STORAGE
ADDED from src\main\AndroidManifest.xml:39:5-78
	android:name
		ADDED from src\main\AndroidManifest.xml:39:22-75
uses-permission#com.google.android.things.permission.REBOOT
ADDED from src\main\AndroidManifest.xml:43:5-82
	android:name
		ADDED from src\main\AndroidManifest.xml:43:22-80
uses-permission#com.google.android.things.permission.USE_PERIPHERAL_IO
ADDED from src\main\AndroidManifest.xml:44:5-94
	android:name
		ADDED from src\main\AndroidManifest.xml:44:22-91
uses-permission#com.google.android.things.permission.MANAGE_INPUT_DRIVERS
ADDED from src\main\AndroidManifest.xml:47:5-97
	android:name
		ADDED from src\main\AndroidManifest.xml:47:22-94
application
ADDED from src\main\AndroidManifest.xml:50:5-406:19
MERGED from [com.android.support:appcompat-v7:26.1.0] AndroidManifest.xml:25:5-29:19
MERGED from [com.android.support:appcompat-v7:26.1.0] AndroidManifest.xml:25:5-29:19
MERGED from [com.android.support.constraint:constraint-layout:1.0.2] AndroidManifest.xml:9:5-20
MERGED from [com.android.support.constraint:constraint-layout:1.0.2] AndroidManifest.xml:9:5-20
MERGED from [com.squareup.leakcanary:leakcanary-android:1.3.1] AndroidManifest.xml:27:5-49:19
MERGED from [com.squareup.leakcanary:leakcanary-android:1.3.1] AndroidManifest.xml:27:5-49:19
MERGED from [com.android.support:animated-vector-drawable:26.1.0] AndroidManifest.xml:22:5-26:19
MERGED from [com.android.support:animated-vector-drawable:26.1.0] AndroidManifest.xml:22:5-26:19
MERGED from [com.android.support:support-vector-drawable:26.1.0] AndroidManifest.xml:22:5-26:19
MERGED from [com.android.support:support-vector-drawable:26.1.0] AndroidManifest.xml:22:5-26:19
MERGED from [com.android.support:support-v4:26.1.0] AndroidManifest.xml:25:5-29:19
MERGED from [com.android.support:support-v4:26.1.0] AndroidManifest.xml:25:5-29:19
MERGED from [com.android.support:support-media-compat:26.1.0] AndroidManifest.xml:25:5-29:19
MERGED from [com.android.support:support-media-compat:26.1.0] AndroidManifest.xml:25:5-29:19
MERGED from [com.android.support:support-fragment:26.1.0] AndroidManifest.xml:25:5-29:19
MERGED from [com.android.support:support-fragment:26.1.0] AndroidManifest.xml:25:5-29:19
MERGED from [com.android.support:support-core-utils:26.1.0] AndroidManifest.xml:25:5-29:19
MERGED from [com.android.support:support-core-utils:26.1.0] AndroidManifest.xml:25:5-29:19
MERGED from [com.android.support:support-core-ui:26.1.0] AndroidManifest.xml:25:5-29:19
MERGED from [com.android.support:support-core-ui:26.1.0] AndroidManifest.xml:25:5-29:19
MERGED from [com.android.support:support-compat:26.1.0] AndroidManifest.xml:25:5-29:19
MERGED from [com.android.support:support-compat:26.1.0] AndroidManifest.xml:25:5-29:19
MERGED from [android.arch.lifecycle:runtime:1.0.0] AndroidManifest.xml:24:5-28:19
MERGED from [android.arch.lifecycle:runtime:1.0.0] AndroidManifest.xml:24:5-28:19
	android:screenOrientation
		ADDED from src\main\AndroidManifest.xml:53:9-46
	android:allowBackup
		ADDED from src\main\AndroidManifest.xml:52:9-36
	android:theme
		ADDED from src\main\AndroidManifest.xml:54:9-40
	android:name
		ADDED from src\main\AndroidManifest.xml:51:9-43
uses-library#com.google.android.things
ADDED from src\main\AndroidManifest.xml:55:9-66
	android:name
		ADDED from src\main\AndroidManifest.xml:55:23-63
activity#com.a3nod.lenovo.sparrowfactory.NavigationActivity
ADDED from src\main\AndroidManifest.xml:57:9-71:20
	android:screenOrientation
		ADDED from src\main\AndroidManifest.xml:60:13-50
	android:configChanges
		ADDED from src\main\AndroidManifest.xml:59:13-63
	android:name
		ADDED from src\main\AndroidManifest.xml:58:13-47
intent-filter#action:name:android.intent.action.MAIN+category:name:android.intent.category.LAUNCHER
ADDED from src\main\AndroidManifest.xml:61:13-65:29
action#android.intent.action.MAIN
ADDED from src\main\AndroidManifest.xml:62:17-69
	android:name
		ADDED from src\main\AndroidManifest.xml:62:25-66
category#android.intent.category.LAUNCHER
ADDED from src\main\AndroidManifest.xml:64:17-77
	android:name
		ADDED from src\main\AndroidManifest.xml:64:27-74
intent-filter#action:name:android.intent.action.MAIN+category:name:android.intent.category.DEFAULT+category:name:android.intent.category.HOME
ADDED from src\main\AndroidManifest.xml:66:13-70:29
category#android.intent.category.HOME
ADDED from src\main\AndroidManifest.xml:68:17-73
	android:name
		ADDED from src\main\AndroidManifest.xml:68:27-70
category#android.intent.category.DEFAULT
ADDED from src\main\AndroidManifest.xml:69:17-76
	android:name
		ADDED from src\main\AndroidManifest.xml:69:27-73
activity#com.a3nod.lenovo.sparrowfactory.mmi.MainActivity
ADDED from src\main\AndroidManifest.xml:72:9-79:20
	android:screenOrientation
		ADDED from src\main\AndroidManifest.xml:73:13-50
	android:name
		ADDED from src\main\AndroidManifest.xml:72:19-51
intent-filter#action:name:hello.MainActivity+category:name:android.intent.category.DEFAULT
ADDED from src\main\AndroidManifest.xml:74:13-78:29
action#hello.MainActivity
ADDED from src\main\AndroidManifest.xml:75:17-61
	android:name
		ADDED from src\main\AndroidManifest.xml:75:25-58
activity#com.a3nod.lenovo.sparrowfactory.mmi.lcd.LcdActivity
ADDED from src\main\AndroidManifest.xml:80:9-87:20
	android:screenOrientation
		ADDED from src\main\AndroidManifest.xml:81:13-50
	android:name
		ADDED from src\main\AndroidManifest.xml:80:19-54
intent-filter#action:name:lcd.action+category:name:android.intent.category.DEFAULT
ADDED from src\main\AndroidManifest.xml:82:13-86:29
action#lcd.action
ADDED from src\main\AndroidManifest.xml:83:17-53
	android:name
		ADDED from src\main\AndroidManifest.xml:83:25-50
activity#com.a3nod.lenovo.sparrowfactory.mmi.button.ButtonActivity
ADDED from src\main\AndroidManifest.xml:88:9-95:20
	android:screenOrientation
		ADDED from src\main\AndroidManifest.xml:89:13-50
	android:name
		ADDED from src\main\AndroidManifest.xml:88:19-60
intent-filter#action:name:button.action+category:name:android.intent.category.DEFAULT
ADDED from src\main\AndroidManifest.xml:90:13-94:29
action#button.action
ADDED from src\main\AndroidManifest.xml:91:17-56
	android:name
		ADDED from src\main\AndroidManifest.xml:91:25-53
activity#com.a3nod.lenovo.sparrowfactory.mmi.sensor.MyGVSensorActivity
ADDED from src\main\AndroidManifest.xml:96:9-104:20
	android:screenOrientation
		ADDED from src\main\AndroidManifest.xml:98:13-50
	android:name
		ADDED from src\main\AndroidManifest.xml:97:13-58
intent-filter#action:name:gv_sensor.action+category:name:android.intent.category.DEFAULT
ADDED from src\main\AndroidManifest.xml:99:13-103:29
action#gv_sensor.action
ADDED from src\main\AndroidManifest.xml:100:17-59
	android:name
		ADDED from src\main\AndroidManifest.xml:100:25-56
activity#com.a3nod.lenovo.sparrowfactory.mmi.camera.TestActivity
ADDED from src\main\AndroidManifest.xml:105:9-112:20
	android:screenOrientation
		ADDED from src\main\AndroidManifest.xml:106:13-50
	android:name
		ADDED from src\main\AndroidManifest.xml:105:19-58
intent-filter#action:name:hello.testActivity+category:name:android.intent.category.DEFAULT
ADDED from src\main\AndroidManifest.xml:107:13-111:29
action#hello.testActivity
ADDED from src\main\AndroidManifest.xml:108:17-61
	android:name
		ADDED from src\main\AndroidManifest.xml:108:25-58
activity#com.a3nod.lenovo.sparrowfactory.mmi.tp.TPTestActivity
ADDED from src\main\AndroidManifest.xml:113:9-120:20
	android:screenOrientation
		ADDED from src\main\AndroidManifest.xml:114:13-50
	android:name
		ADDED from src\main\AndroidManifest.xml:113:19-56
intent-filter#action:name:hello.TPTestActivity+category:name:android.intent.category.DEFAULT
ADDED from src\main\AndroidManifest.xml:115:13-119:29
action#hello.TPTestActivity
ADDED from src\main\AndroidManifest.xml:116:17-63
	android:name
		ADDED from src\main\AndroidManifest.xml:116:25-60
activity#com.a3nod.lenovo.sparrowfactory.mmi.multipoint.MultPointActivity
ADDED from src\main\AndroidManifest.xml:121:9-128:20
	android:screenOrientation
		ADDED from src\main\AndroidManifest.xml:122:13-50
	android:name
		ADDED from src\main\AndroidManifest.xml:121:19-67
intent-filter#action:name:hello.MultPointActivity+category:name:android.intent.category.DEFAULT
ADDED from src\main\AndroidManifest.xml:123:13-127:29
action#hello.MultPointActivity
ADDED from src\main\AndroidManifest.xml:124:17-66
	android:name
		ADDED from src\main\AndroidManifest.xml:124:25-63
activity#com.a3nod.lenovo.sparrowfactory.mmi.speaker.SpeakerActivity
ADDED from src\main\AndroidManifest.xml:129:9-136:20
	android:screenOrientation
		ADDED from src\main\AndroidManifest.xml:130:13-50
	android:name
		ADDED from src\main\AndroidManifest.xml:129:19-62
intent-filter#action:name:hello.SpeakerActivity+category:name:android.intent.category.DEFAULT
ADDED from src\main\AndroidManifest.xml:131:13-135:29
action#hello.SpeakerActivity
ADDED from src\main\AndroidManifest.xml:132:17-64
	android:name
		ADDED from src\main\AndroidManifest.xml:132:25-61
activity#com.a3nod.lenovo.sparrowfactory.mmi.backlight.BackLightActivity
ADDED from src\main\AndroidManifest.xml:145:9-152:20
	android:screenOrientation
		ADDED from src\main\AndroidManifest.xml:146:13-50
	android:name
		ADDED from src\main\AndroidManifest.xml:145:19-66
intent-filter#action:name:backlight.action+category:name:android.intent.category.DEFAULT
ADDED from src\main\AndroidManifest.xml:147:13-151:29
action#backlight.action
ADDED from src\main\AndroidManifest.xml:148:17-59
	android:name
		ADDED from src\main\AndroidManifest.xml:148:25-56
activity#com.a3nod.lenovo.sparrowfactory.mmi.sensor.PSensorActivity
ADDED from src\main\AndroidManifest.xml:153:9-160:20
	android:screenOrientation
		ADDED from src\main\AndroidManifest.xml:154:13-50
	android:name
		ADDED from src\main\AndroidManifest.xml:153:19-61
intent-filter#action:name:p_sensor.action+category:name:android.intent.category.DEFAULT
ADDED from src\main\AndroidManifest.xml:155:13-159:29
action#p_sensor.action
ADDED from src\main\AndroidManifest.xml:156:17-58
	android:name
		ADDED from src\main\AndroidManifest.xml:156:25-55
activity#com.a3nod.lenovo.sparrowfactory.mmi.sensor.LightSensorActivity
ADDED from src\main\AndroidManifest.xml:161:9-168:20
	android:screenOrientation
		ADDED from src\main\AndroidManifest.xml:162:13-50
	android:name
		ADDED from src\main\AndroidManifest.xml:161:19-65
intent-filter#action:name:l_sensor.action+category:name:android.intent.category.DEFAULT
ADDED from src\main\AndroidManifest.xml:163:13-167:29
action#l_sensor.action
ADDED from src\main\AndroidManifest.xml:164:17-58
	android:name
		ADDED from src\main\AndroidManifest.xml:164:25-55
activity#com.a3nod.lenovo.sparrowfactory.mmi.wifi.WifiActivity
ADDED from src\main\AndroidManifest.xml:169:9-176:20
	android:screenOrientation
		ADDED from src\main\AndroidManifest.xml:170:13-50
	android:name
		ADDED from src\main\AndroidManifest.xml:169:19-56
intent-filter#action:name:wifi.action+category:name:android.intent.category.DEFAULT
ADDED from src\main\AndroidManifest.xml:171:13-175:29
action#wifi.action
ADDED from src\main\AndroidManifest.xml:172:17-54
	android:name
		ADDED from src\main\AndroidManifest.xml:172:25-51
activity#com.a3nod.lenovo.sparrowfactory.mmi.bluetooth.BluetoothActivity
ADDED from src\main\AndroidManifest.xml:177:9-184:20
	android:screenOrientation
		ADDED from src\main\AndroidManifest.xml:178:13-50
	android:name
		ADDED from src\main\AndroidManifest.xml:177:19-66
intent-filter#action:name:hello.BluetoothActivity+category:name:android.intent.category.DEFAULT
ADDED from src\main\AndroidManifest.xml:179:13-183:29
action#hello.BluetoothActivity
ADDED from src\main\AndroidManifest.xml:180:17-66
	android:name
		ADDED from src\main\AndroidManifest.xml:180:25-63
activity#com.a3nod.lenovo.sparrowfactory.mmi.result.ResultActivity
ADDED from src\main\AndroidManifest.xml:185:9-192:20
	android:screenOrientation
		ADDED from src\main\AndroidManifest.xml:186:13-50
	android:name
		ADDED from src\main\AndroidManifest.xml:185:19-60
intent-filter#action:name:hello.ResultActivity+category:name:android.intent.category.DEFAULT
ADDED from src\main\AndroidManifest.xml:187:13-191:29
action#hello.ResultActivity
ADDED from src\main\AndroidManifest.xml:188:17-63
	android:name
		ADDED from src\main\AndroidManifest.xml:188:25-60
activity#com.a3nod.lenovo.sparrowfactory.runin.RuninMainActivity
ADDED from src\main\AndroidManifest.xml:195:9-196:52
	android:screenOrientation
		ADDED from src\main\AndroidManifest.xml:196:13-50
	android:name
		ADDED from src\main\AndroidManifest.xml:195:19-58
activity#com.a3nod.lenovo.sparrowfactory.runin.RuninActivity
ADDED from src\main\AndroidManifest.xml:197:9-198:52
	android:screenOrientation
		ADDED from src\main\AndroidManifest.xml:198:13-50
	android:name
		ADDED from src\main\AndroidManifest.xml:197:19-54
activity#com.a3nod.lenovo.sparrowfactory.runin.cpu.CPUTestActivity
ADDED from src\main\AndroidManifest.xml:199:9-200:52
	android:screenOrientation
		ADDED from src\main\AndroidManifest.xml:200:13-50
	android:name
		ADDED from src\main\AndroidManifest.xml:199:19-60
activity#com.a3nod.lenovo.sparrowfactory.runin.memory.MemoryTestActivity
ADDED from src\main\AndroidManifest.xml:201:9-202:52
	android:screenOrientation
		ADDED from src\main\AndroidManifest.xml:202:13-50
	android:name
		ADDED from src\main\AndroidManifest.xml:201:19-66
activity#com.a3nod.lenovo.sparrowfactory.runin.emmc.EMMCTestActivity
ADDED from src\main\AndroidManifest.xml:203:9-204:52
	android:screenOrientation
		ADDED from src\main\AndroidManifest.xml:204:13-50
	android:name
		ADDED from src\main\AndroidManifest.xml:203:19-62
activity#com.a3nod.lenovo.sparrowfactory.runin.mic.MicActivity
ADDED from src\main\AndroidManifest.xml:205:9-206:52
	android:screenOrientation
		ADDED from src\main\AndroidManifest.xml:206:13-50
	android:name
		ADDED from src\main\AndroidManifest.xml:205:19-56
activity#com.a3nod.lenovo.sparrowfactory.runin.camera.CameraTestActivity
ADDED from src\main\AndroidManifest.xml:207:9-213:20
	android:screenOrientation
		ADDED from src\main\AndroidManifest.xml:209:13-50
	android:launchMode
		ADDED from src\main\AndroidManifest.xml:208:13-48
	android:name
		ADDED from src\main\AndroidManifest.xml:207:19-66
intent-filter#action:name:runin.camera.CameraTestActivity
ADDED from src\main\AndroidManifest.xml:210:13-212:29
action#runin.camera.CameraTestActivity
ADDED from src\main\AndroidManifest.xml:211:17-81
	android:name
		ADDED from src\main\AndroidManifest.xml:211:25-71
activity#com.a3nod.lenovo.sparrowfactory.runin.audio.AudioTestActivity
ADDED from src\main\AndroidManifest.xml:214:9-220:20
	android:screenOrientation
		ADDED from src\main\AndroidManifest.xml:215:13-50
	android:name
		ADDED from src\main\AndroidManifest.xml:214:19-64
intent-filter#action:name:audio_test+category:name:android.intent.category.DEFAULT
ADDED from src\main\AndroidManifest.xml:216:13-219:29
action#audio_test
ADDED from src\main\AndroidManifest.xml:217:17-60
	android:name
		ADDED from src\main\AndroidManifest.xml:217:25-50
activity#com.a3nod.lenovo.sparrowfactory.runin.lcd.LCDTestActivity
ADDED from src\main\AndroidManifest.xml:221:9-222:52
	android:screenOrientation
		ADDED from src\main\AndroidManifest.xml:222:13-50
	android:name
		ADDED from src\main\AndroidManifest.xml:221:19-60
activity#com.a3nod.lenovo.sparrowfactory.runin.video.VideoTestActivity
ADDED from src\main\AndroidManifest.xml:223:9-224:52
	android:screenOrientation
		ADDED from src\main\AndroidManifest.xml:224:13-50
	android:name
		ADDED from src\main\AndroidManifest.xml:223:19-64
activity#com.a3nod.lenovo.sparrowfactory.runin.threedimensional.ThreeDimensionalActivity
ADDED from src\main\AndroidManifest.xml:225:9-226:52
	android:screenOrientation
		ADDED from src\main\AndroidManifest.xml:226:13-50
	android:name
		ADDED from src\main\AndroidManifest.xml:225:19-82
activity#com.a3nod.lenovo.sparrowfactory.runin.twodimensional.TwoDimensionalActivity
ADDED from src\main\AndroidManifest.xml:227:9-228:52
	android:screenOrientation
		ADDED from src\main\AndroidManifest.xml:228:13-50
	android:name
		ADDED from src\main\AndroidManifest.xml:227:19-78
activity#com.a3nod.lenovo.sparrowfactory.runin.reboot.RebootTestActivity
ADDED from src\main\AndroidManifest.xml:229:9-230:52
	android:screenOrientation
		ADDED from src\main\AndroidManifest.xml:230:13-50
	android:name
		ADDED from src\main\AndroidManifest.xml:229:19-66
activity#com.a3nod.lenovo.sparrowfactory.runin.report.ReportActivity
ADDED from src\main\AndroidManifest.xml:231:9-232:52
	android:screenOrientation
		ADDED from src\main\AndroidManifest.xml:232:13-50
	android:name
		ADDED from src\main\AndroidManifest.xml:231:19-62
activity#com.a3nod.lenovo.sparrowfactory.TemperatureActivity
ADDED from src\main\AndroidManifest.xml:233:9-234:52
	android:screenOrientation
		ADDED from src\main\AndroidManifest.xml:234:13-50
	android:name
		ADDED from src\main\AndroidManifest.xml:233:19-54
activity#com.a3nod.lenovo.sparrowfactory.pcba.PcbaTestActivity
ADDED from src\main\AndroidManifest.xml:237:9-244:20
	android:screenOrientation
		ADDED from src\main\AndroidManifest.xml:238:13-50
	android:name
		ADDED from src\main\AndroidManifest.xml:237:19-56
intent-filter#action:name:hello.PcbaTestActivity+category:name:android.intent.category.DEFAULT
ADDED from src\main\AndroidManifest.xml:239:13-243:29
action#hello.PcbaTestActivity
ADDED from src\main\AndroidManifest.xml:240:17-65
	android:name
		ADDED from src\main\AndroidManifest.xml:240:25-62
activity#com.a3nod.lenovo.sparrowfactory.pcba.PcbaLcdActivity
ADDED from src\main\AndroidManifest.xml:245:9-252:20
	android:screenOrientation
		ADDED from src\main\AndroidManifest.xml:246:13-50
	android:name
		ADDED from src\main\AndroidManifest.xml:245:19-55
intent-filter#action:name:pcba_lcd+category:name:android.intent.category.DEFAULT
ADDED from src\main\AndroidManifest.xml:247:13-251:29
action#pcba_lcd
ADDED from src\main\AndroidManifest.xml:248:17-51
	android:name
		ADDED from src\main\AndroidManifest.xml:248:25-48
activity#com.a3nod.lenovo.sparrowfactory.pcba.PcbaButtonActivity
ADDED from src\main\AndroidManifest.xml:253:9-260:20
	android:screenOrientation
		ADDED from src\main\AndroidManifest.xml:254:13-50
	android:name
		ADDED from src\main\AndroidManifest.xml:253:19-58
intent-filter#action:name:pcba_button+category:name:android.intent.category.DEFAULT
ADDED from src\main\AndroidManifest.xml:255:13-259:29
action#pcba_button
ADDED from src\main\AndroidManifest.xml:256:17-54
	android:name
		ADDED from src\main\AndroidManifest.xml:256:25-51
activity#com.a3nod.lenovo.sparrowfactory.pcba.PcbaTpActivity
ADDED from src\main\AndroidManifest.xml:261:9-268:20
	android:screenOrientation
		ADDED from src\main\AndroidManifest.xml:262:13-50
	android:name
		ADDED from src\main\AndroidManifest.xml:261:19-54
intent-filter#action:name:pcba_tp+category:name:android.intent.category.DEFAULT
ADDED from src\main\AndroidManifest.xml:263:13-267:29
action#pcba_tp
ADDED from src\main\AndroidManifest.xml:264:17-50
	android:name
		ADDED from src\main\AndroidManifest.xml:264:25-47
activity#com.a3nod.lenovo.sparrowfactory.pcba.PCBADataCheckTestActivity
ADDED from src\main\AndroidManifest.xml:269:9-276:20
	android:screenOrientation
		ADDED from src\main\AndroidManifest.xml:270:13-50
	android:name
		ADDED from src\main\AndroidManifest.xml:269:19-65
intent-filter#action:name:pcba.datacheck.action+category:name:android.intent.category.DEFAULT
ADDED from src\main\AndroidManifest.xml:271:13-275:29
action#pcba.datacheck.action
ADDED from src\main\AndroidManifest.xml:272:17-64
	android:name
		ADDED from src\main\AndroidManifest.xml:272:25-61
activity#com.a3nod.lenovo.sparrowfactory.mmi.datacheck.DataCheckTestActivity
ADDED from src\main\AndroidManifest.xml:277:9-284:20
	android:screenOrientation
		ADDED from src\main\AndroidManifest.xml:278:13-50
	android:name
		ADDED from src\main\AndroidManifest.xml:277:19-70
intent-filter#action:name:datacheck.action+category:name:android.intent.category.DEFAULT
ADDED from src\main\AndroidManifest.xml:279:13-283:29
action#datacheck.action
ADDED from src\main\AndroidManifest.xml:280:17-59
	android:name
		ADDED from src\main\AndroidManifest.xml:280:25-56
activity#com.a3nod.lenovo.sparrowfactory.pcba.PCBAGSensorActivity
ADDED from src\main\AndroidManifest.xml:285:9-292:20
	android:screenOrientation
		ADDED from src\main\AndroidManifest.xml:286:13-50
	android:name
		ADDED from src\main\AndroidManifest.xml:285:19-59
intent-filter#action:name:hello.PCBAGSensorActivity+category:name:android.intent.category.DEFAULT
ADDED from src\main\AndroidManifest.xml:287:13-291:29
action#hello.PCBAGSensorActivity
ADDED from src\main\AndroidManifest.xml:288:17-68
	android:name
		ADDED from src\main\AndroidManifest.xml:288:25-65
activity#com.a3nod.lenovo.sparrowfactory.pcba.PCBAPSensorActivity
ADDED from src\main\AndroidManifest.xml:293:9-300:20
	android:screenOrientation
		ADDED from src\main\AndroidManifest.xml:294:13-50
	android:name
		ADDED from src\main\AndroidManifest.xml:293:19-59
intent-filter#action:name:hello.PCBAPSensorActivity+category:name:android.intent.category.DEFAULT
ADDED from src\main\AndroidManifest.xml:295:13-299:29
action#hello.PCBAPSensorActivity
ADDED from src\main\AndroidManifest.xml:296:17-68
	android:name
		ADDED from src\main\AndroidManifest.xml:296:25-65
activity#com.a3nod.lenovo.sparrowfactory.pcba.PCBALSensorActivity
ADDED from src\main\AndroidManifest.xml:301:9-308:20
	android:screenOrientation
		ADDED from src\main\AndroidManifest.xml:302:13-50
	android:name
		ADDED from src\main\AndroidManifest.xml:301:19-59
intent-filter#action:name:hello.PCBALSensorActivity+category:name:android.intent.category.DEFAULT
ADDED from src\main\AndroidManifest.xml:303:13-307:29
action#hello.PCBALSensorActivity
ADDED from src\main\AndroidManifest.xml:304:17-68
	android:name
		ADDED from src\main\AndroidManifest.xml:304:25-65
activity#com.a3nod.lenovo.sparrowfactory.pcba.PCBAMicTestActivity
ADDED from src\main\AndroidManifest.xml:309:9-316:20
	android:screenOrientation
		ADDED from src\main\AndroidManifest.xml:310:13-50
	android:name
		ADDED from src\main\AndroidManifest.xml:309:19-59
intent-filter#action:name:pcba_mic+category:name:android.intent.category.DEFAULT
ADDED from src\main\AndroidManifest.xml:311:13-315:29
action#pcba_mic
ADDED from src\main\AndroidManifest.xml:312:17-51
	android:name
		ADDED from src\main\AndroidManifest.xml:312:25-48
activity#com.a3nod.lenovo.sparrowfactory.pcba.PCBASpeakerTestActivity
ADDED from src\main\AndroidManifest.xml:317:9-324:20
	android:screenOrientation
		ADDED from src\main\AndroidManifest.xml:318:13-50
	android:name
		ADDED from src\main\AndroidManifest.xml:317:19-63
intent-filter#action:name:pcba_speaker+category:name:android.intent.category.DEFAULT
ADDED from src\main\AndroidManifest.xml:319:13-323:29
action#pcba_speaker
ADDED from src\main\AndroidManifest.xml:320:17-55
	android:name
		ADDED from src\main\AndroidManifest.xml:320:25-52
activity#com.a3nod.lenovo.sparrowfactory.pcba.PCBACameraTestActivity
ADDED from src\main\AndroidManifest.xml:325:9-332:20
	android:screenOrientation
		ADDED from src\main\AndroidManifest.xml:326:13-50
	android:name
		ADDED from src\main\AndroidManifest.xml:325:19-62
intent-filter#action:name:pcba_camera+category:name:android.intent.category.DEFAULT
ADDED from src\main\AndroidManifest.xml:327:13-331:29
action#pcba_camera
ADDED from src\main\AndroidManifest.xml:328:17-54
	android:name
		ADDED from src\main\AndroidManifest.xml:328:25-51
service#com.a3nod.lenovo.sparrowfactory.runin.RuninService
ADDED from src\main\AndroidManifest.xml:334:9-337:40
	android:enabled
		ADDED from src\main\AndroidManifest.xml:336:13-35
	android:exported
		ADDED from src\main\AndroidManifest.xml:337:13-37
	android:name
		ADDED from src\main\AndroidManifest.xml:335:13-47
service#com.a3nod.lenovo.sparrowfactory.interact.ConnectManagerService